########### array before sorts ###########
0	2.032000	0.000000	53.848000	0.000000	n
1	55.880000	2.032000	55.880000	54.864000	n
2	52.832000	56.896000	2.032000	56.896000	n
3	0.000000	54.864000	0.000000	2.032000	n
4	53.848000	0.000000	53.917239	0.525920	n
5	53.917239	0.525920	54.120236	1.016000	n
6	54.120236	1.016000	54.443159	1.436841	n
7	54.443159	1.436841	54.864000	1.759764	n
8	54.864000	1.759764	55.354080	1.962761	n
9	55.354080	1.962761	55.880000	2.032000	n
10	0.000000	2.032000	0.525920	1.962761	n
11	0.525920	1.962761	1.016000	1.759764	n
12	1.016000	1.759764	1.436841	1.436841	n
13	1.436841	1.436841	1.759764	1.016000	n
14	1.759764	1.016000	1.962761	0.525920	n
15	1.962761	0.525920	2.032000	0.000000	n
16	2.032000	56.896000	1.962761	56.370080	n
17	1.962761	56.370080	1.759764	55.880000	n
18	1.759764	55.880000	1.436841	55.459159	n
19	1.436841	55.459159	1.016000	55.136236	n
20	1.016000	55.136236	0.525920	54.933239	n
21	0.525920	54.933239	0.000000	54.864000	n
22	55.880000	54.864000	55.354080	54.933239	n
23	55.354080	54.933239	54.864000	55.136236	n
24	54.864000	55.136236	54.443159	55.459159	n
25	54.443159	55.459159	54.120236	55.880000	n
26	54.120236	55.880000	53.917239	56.370080	n
27	53.917239	56.370080	53.848000	56.896000	n
28	52.832000	56.896000	53.848000	56.896000	n
Tolerance=0.050000.
*Exact match for i=0 and j=4.
*i point 2.032000	0.000000	53.848000	0.000000	y
*Exact match for i=1 and j=5.
*i point 53.848000	0.000000	53.917239	0.525920	y
*Exact match for i=2 and j=6.
*i point 53.917239	0.525920	54.120236	1.016000	y
*Exact match for i=3 and j=7.
*i point 54.120236	1.016000	54.443159	1.436841	y
*Exact match for i=4 and j=8.
*i point 54.443159	1.436841	54.864000	1.759764	y
*Exact match for i=5 and j=9.
*i point 54.864000	1.759764	55.354080	1.962761	y
*Exact match for i=6 and j=7.
*i point 55.354080	1.962761	55.880000	2.032000	y
*Exact match for i=7 and j=22.
*i point 55.880000	2.032000	55.880000	54.864000	y
*Exact match for i=8 and j=23.
*i point 55.880000	54.864000	55.354080	54.933239	y
*Exact match for i=9 and j=24.
*i point 55.354080	54.933239	54.864000	55.136236	y
*Exact match for i=10 and j=25.
*i point 54.864000	55.136236	54.443159	55.459159	y
*Exact match for i=11 and j=26.
*i point 54.443159	55.459159	54.120236	55.880000	y
*Exact match for i=12 and j=27.
*i point 54.120236	55.880000	53.917239	56.370080	y
*Exact match for i=13 and j=28.
*i point 53.917239	56.370080	53.848000	56.896000	y
	*Before flip 	52.832000	56.896000	53.848000	56.896000	y
	*After flip 	53.848000	56.896000	52.832000	56.896000	y
*Exact match for i=14 and j=22.
*i point 53.848000	56.896000	52.832000	56.896000	y
*Exact match for i=15 and j=16.
*i point 52.832000	56.896000	2.032000	56.896000	y
*Exact match for i=16 and j=17.
*i point 2.032000	56.896000	1.962761	56.370080	y
*Exact match for i=17 and j=18.
*i point 1.962761	56.370080	1.759764	55.880000	y
*Exact match for i=18 and j=19.
*i point 1.759764	55.880000	1.436841	55.459159	y
*Exact match for i=19 and j=20.
*i point 1.436841	55.459159	1.016000	55.136236	y
*Exact match for i=20 and j=21.
*i point 1.016000	55.136236	0.525920	54.933239	y
*Exact match for i=21 and j=23.
*i point 0.525920	54.933239	0.000000	54.864000	y
*Exact match for i=22 and j=24.
*i point 0.000000	54.864000	0.000000	2.032000	y
*Exact match for i=23 and j=25.
*i point 0.000000	2.032000	0.525920	1.962761	y
*Exact match for i=24 and j=26.
*i point 0.525920	1.962761	1.016000	1.759764	y
*Exact match for i=25 and j=27.
*i point 1.016000	1.759764	1.436841	1.436841	y
*Exact match for i=26 and j=28.
*i point 1.436841	1.436841	1.759764	1.016000	y
*Exact match for i=27 and j=28.
*i point 1.759764	1.016000	1.962761	0.525920	y
########### array after sorts ###########
0	2.032000	0.000000	53.848000	0.000000	y
1	53.848000	0.000000	53.917239	0.525920	y
2	53.917239	0.525920	54.120236	1.016000	y
3	54.120236	1.016000	54.443159	1.436841	y
4	54.443159	1.436841	54.864000	1.759764	y
5	54.864000	1.759764	55.354080	1.962761	y
6	55.354080	1.962761	55.880000	2.032000	y
7	55.880000	2.032000	55.880000	54.864000	y
8	55.880000	54.864000	55.354080	54.933239	y
9	55.354080	54.933239	54.864000	55.136236	y
10	54.864000	55.136236	54.443159	55.459159	y
11	54.443159	55.459159	54.120236	55.880000	y
12	54.120236	55.880000	53.917239	56.370080	y
13	53.917239	56.370080	53.848000	56.896000	y
14	53.848000	56.896000	52.832000	56.896000	y
15	52.832000	56.896000	2.032000	56.896000	y
16	2.032000	56.896000	1.962761	56.370080	y
17	1.962761	56.370080	1.759764	55.880000	y
18	1.759764	55.880000	1.436841	55.459159	y
19	1.436841	55.459159	1.016000	55.136236	y
20	1.016000	55.136236	0.525920	54.933239	y
21	0.525920	54.933239	0.000000	54.864000	y
22	0.000000	54.864000	0.000000	2.032000	y
23	0.000000	2.032000	0.525920	1.962761	y
24	0.525920	1.962761	1.016000	1.759764	y
25	1.016000	1.759764	1.436841	1.436841	y
26	1.436841	1.436841	1.759764	1.016000	y
27	1.759764	1.016000	1.962761	0.525920	y
28	1.962761	0.525920	2.032000	0.000000	y
***************
.BOARD_OUTLINE UNOWNED
1.6
0     2.032000     0.000000     0
0     53.848000     0.000000     0
0     53.917239     0.525920     0
0     54.120236     1.016000     0
0     54.443159     1.436841     0
0     54.864000     1.759764     0
0     55.354080     1.962761     0
0     55.880000     2.032000     0
0     55.880000     54.864000     0
0     55.354080     54.933239     0
0     54.864000     55.136236     0
0     54.443159     55.459159     0
0     54.120236     55.880000     0
0     53.917239     56.370080     0
0     53.848000     56.896000     0
0     52.832000     56.896000     0
0     2.032000     56.896000     0
0     1.962761     56.370080     0
0     1.759764     55.880000     0
0     1.436841     55.459159     0
0     1.016000     55.136236     0
0     0.525920     54.933239     0
0     0.000000     54.864000     0
0     0.000000     2.032000     0
0     0.525920     1.962761     0
0     1.016000     1.759764     0
0     1.436841     1.436841     0
0     1.759764     1.016000     0
0     1.962761     0.525920     0
0     2.032000     0.000000     0
